[19-Aug-2025 13:37:15 UTC] PHP Fatal error:  Uncaught TypeError: Cannot access offset of type string on string in /var/www/html/staging.synergytop.com/wp-content/themes/twentytwentyone-child/about-leadership-template.php:40
Stack trace:
#0 /var/www/html/staging.synergytop.com/wp-includes/template-loader.php(106): include()
#1 /var/www/html/staging.synergytop.com/wp-blog-header.php(19): require_once('...')
#2 /var/www/html/staging.synergytop.com/index.php(17): require('...')
#3 {main}
  thrown in /var/www/html/staging.synergytop.com/wp-content/themes/twentytwentyone-child/about-leadership-template.php on line 40
[20-Aug-2025 10:45:40 UTC] PHP Fatal error:  Uncaught TypeError: Cannot access offset of type string on string in /var/www/html/staging.synergytop.com/wp-content/themes/twentytwentyone-child/about-page-template.php:344
Stack trace:
#0 /var/www/html/staging.synergytop.com/wp-includes/template-loader.php(106): include()
#1 /var/www/html/staging.synergytop.com/wp-blog-header.php(19): require_once('...')
#2 /var/www/html/staging.synergytop.com/index.php(17): require('...')
#3 {main}
  thrown in /var/www/html/staging.synergytop.com/wp-content/themes/twentytwentyone-child/about-page-template.php on line 344
[20-Aug-2025 10:45:42 UTC] PHP Fatal error:  Uncaught TypeError: Cannot access offset of type string on string in /var/www/html/staging.synergytop.com/wp-content/themes/twentytwentyone-child/about-page-template.php:344
Stack trace:
#0 /var/www/html/staging.synergytop.com/wp-includes/template-loader.php(106): include()
#1 /var/www/html/staging.synergytop.com/wp-blog-header.php(19): require_once('...')
#2 /var/www/html/staging.synergytop.com/index.php(17): require('...')
#3 {main}
  thrown in /var/www/html/staging.synergytop.com/wp-content/themes/twentytwentyone-child/about-page-template.php on line 344
[20-Aug-2025 10:45:44 UTC] PHP Warning:  Undefined variable $pageID in /var/www/html/staging.synergytop.com/wp-content/themes/twentytwentyone-child/technology-listing-page.php on line 124
[20-Aug-2025 10:45:46 UTC] PHP Fatal error:  Uncaught TypeError: Cannot access offset of type string on string in /var/www/html/staging.synergytop.com/wp-content/themes/twentytwentyone-child/about-page-template.php:344
Stack trace:
#0 /var/www/html/staging.synergytop.com/wp-includes/template-loader.php(106): include()
#1 /var/www/html/staging.synergytop.com/wp-blog-header.php(19): require_once('...')
#2 /var/www/html/staging.synergytop.com/index.php(17): require('...')
#3 {main}
  thrown in /var/www/html/staging.synergytop.com/wp-content/themes/twentytwentyone-child/about-page-template.php on line 344
[20-Aug-2025 10:45:47 UTC] PHP Fatal error:  Uncaught TypeError: Cannot access offset of type string on string in /var/www/html/staging.synergytop.com/wp-content/themes/twentytwentyone-child/about-page-template.php:344
Stack trace:
#0 /var/www/html/staging.synergytop.com/wp-includes/template-loader.php(106): include()
#1 /var/www/html/staging.synergytop.com/wp-blog-header.php(19): require_once('...')
#2 /var/www/html/staging.synergytop.com/index.php(17): require('...')
#3 {main}
  thrown in /var/www/html/staging.synergytop.com/wp-content/themes/twentytwentyone-child/about-page-template.php on line 344
[20-Aug-2025 10:45:48 UTC] PHP Fatal error:  Uncaught TypeError: Cannot access offset of type string on string in /var/www/html/staging.synergytop.com/wp-content/themes/twentytwentyone-child/about-page-template.php:344
Stack trace:
#0 /var/www/html/staging.synergytop.com/wp-includes/template-loader.php(106): include()
#1 /var/www/html/staging.synergytop.com/wp-blog-header.php(19): require_once('...')
#2 /var/www/html/staging.synergytop.com/index.php(17): require('...')
#3 {main}
  thrown in /var/www/html/staging.synergytop.com/wp-content/themes/twentytwentyone-child/about-page-template.php on line 344
[20-Aug-2025 10:47:40 UTC] PHP Fatal error:  Uncaught TypeError: Cannot access offset of type string on string in /var/www/html/staging.synergytop.com/wp-content/themes/twentytwentyone-child/about-page-template.php:343
Stack trace:
#0 /var/www/html/staging.synergytop.com/wp-includes/template-loader.php(106): include()
#1 /var/www/html/staging.synergytop.com/wp-blog-header.php(19): require_once('...')
#2 /var/www/html/staging.synergytop.com/index.php(17): require('...')
#3 {main}
  thrown in /var/www/html/staging.synergytop.com/wp-content/themes/twentytwentyone-child/about-page-template.php on line 343
[20-Aug-2025 10:49:59 UTC] PHP Warning:  Undefined variable $pageID in /var/www/html/staging.synergytop.com/wp-content/themes/twentytwentyone-child/technology-listing-page.php on line 124
[20-Aug-2025 10:50:20 UTC] PHP Fatal error:  Uncaught TypeError: Cannot access offset of type string on string in /var/www/html/staging.synergytop.com/wp-content/themes/twentytwentyone-child/about-page-template.php:343
Stack trace:
#0 /var/www/html/staging.synergytop.com/wp-includes/template-loader.php(106): include()
#1 /var/www/html/staging.synergytop.com/wp-blog-header.php(19): require_once('...')
#2 /var/www/html/staging.synergytop.com/index.php(17): require('...')
#3 {main}
  thrown in /var/www/html/staging.synergytop.com/wp-content/themes/twentytwentyone-child/about-page-template.php on line 343
[20-Aug-2025 10:50:57 UTC] PHP Warning:  Undefined variable $pageID in /var/www/html/staging.synergytop.com/wp-content/themes/twentytwentyone-child/technology-listing-page.php on line 124
[20-Aug-2025 10:51:14 UTC] PHP Warning:  Undefined variable $pageID in /var/www/html/staging.synergytop.com/wp-content/themes/twentytwentyone-child/technology-listing-page.php on line 124
[20-Aug-2025 10:51:45 UTC] PHP Warning:  Undefined variable $pageID in /var/www/html/staging.synergytop.com/wp-content/themes/twentytwentyone-child/technology-listing-page.php on line 124
[20-Aug-2025 10:52:06 UTC] PHP Warning:  Undefined variable $pageID in /var/www/html/staging.synergytop.com/wp-content/themes/twentytwentyone-child/technology-listing-page.php on line 124
[20-Aug-2025 10:59:39 UTC] PHP Warning:  Undefined variable $pageID in /var/www/html/staging.synergytop.com/wp-content/themes/twentytwentyone-child/technology-listing-page.php on line 124
[20-Aug-2025 11:00:38 UTC] PHP Warning:  Undefined variable $pageID in /var/www/html/staging.synergytop.com/wp-content/themes/twentytwentyone-child/technology-listing-page.php on line 124
